Построение начато 18.08.2019 23:12:13.
     1>Проект "F:\ProgrammC\ProgrammC\ProgrammC.vcxproj" в узле 2 (целевые объекты build).
     1>InitializeBuildStatus:
         Создание "Debug\ProgrammC.unsuccessfulbuild", так как было задано "AlwaysCreate".
       ClCompile:
         Для всех выходных данных обновления не требуется.
         c:\Program Files (x86)\Microsoft Visual Studio 10.0\VC\bin\CL.exe /c /ZI /nologo /W3 /WX- /Od /Oy- /D WIN32 /D _DEBUG /D _CONSOLE /D _UNICODE /D UNICODE /Gm /EHsc /RTC1 /MDd /GS /fp:precise /Zc:wchar_t /Zc:forScope /Yu"StdAfx.h" /Fp"Debug\ProgrammC.pch" /Fo"Debug\\" /Fd"Debug\vc100.pdb" /Gd /TP /analyze- /errorReport:prompt SClient.cpp
         SClient.cpp
       ManifestResourceCompile:
         Для всех выходных данных обновления не требуется.
       Link:
         c:\Program Files (x86)\Microsoft Visual Studio 10.0\VC\bin\link.exe /ERRORREPORT:PROMPT /OUT:"F:\ProgrammC\Debug\ProgrammC.exe" /INCREMENTAL /NOLOGO kernel32.lib user32.lib gdi32.lib winspool.lib comdlg32.lib advapi32.lib shell32.lib ole32.lib oleaut32.lib uuid.lib odbc32.lib odbccp32.lib /MANIFEST /ManifestFile:"Debug\ProgrammC.exe.intermediate.manifest" /MANIFESTUAC:"level='asInvoker' uiAccess='false'" /DEBUG /PDB:"F:\ProgrammC\Debug\ProgrammC.pdb" /SUBSYSTEM:CONSOLE /TLBID:1 /DYNAMICBASE /NXCOMPAT /IMPLIB:"F:\ProgrammC\Debug\ProgrammC.lib" /MACHINE:X86 Debug\ProgrammC.exe.embed.manifest.res
         Debug\ProgrammC.obj
         Debug\SClient.obj
         Debug\Sserver.obj
         Debug\stdafx.obj
       Manifest:
         c:\Program Files (x86)\Microsoft SDKs\Windows\v7.0A\bin\mt.exe /nologo /verbose /out:"Debug\ProgrammC.exe.embed.manifest" /manifest Debug\ProgrammC.exe.intermediate.manifest
         Для всех выходных данных обновления не требуется.
       LinkEmbedManifest:
         Для всех выходных данных обновления не требуется.
         ProgrammC.vcxproj -> F:\ProgrammC\Debug\ProgrammC.exe
       FinalizeBuildStatus:
         Файл "Debug\ProgrammC.unsuccessfulbuild" удаляется.
         Обращение к "Debug\ProgrammC.lastbuildstate".
     1>Построение проекта "F:\ProgrammC\ProgrammC\ProgrammC.vcxproj" завершено (целевые объекты build).

Построение успешно завершено.

Затраченное время: 00:00:05.87
